  main.cpp
c:\users\brian kao\gamedesign\final project\nyucodebase\main.cpp(103): warning C4244: 'initializing': conversion from 'double' to 'float', possible loss of data
c:\users\brian kao\gamedesign\final project\nyucodebase\main.cpp(104): warning C4244: 'initializing': conversion from 'double' to 'float', possible loss of data
c:\users\brian kao\gamedesign\final project\nyucodebase\main.cpp(128): warning C4244: 'initializing': conversion from 'double' to 'float', possible loss of data
c:\users\brian kao\gamedesign\final project\nyucodebase\main.cpp(129): warning C4244: 'initializing': conversion from 'double' to 'float', possible loss of data
c:\users\brian kao\gamedesign\final project\nyucodebase\main.cpp(158): warning C4018: '<': signed/unsigned mismatch
c:\users\brian kao\gamedesign\final project\nyucodebase\main.cpp(217): warning C4244: 'return': conversion from 'double' to 'float', possible loss of data
c:\users\brian kao\gamedesign\final project\nyucodebase\main.cpp(363): warning C4018: '<': signed/unsigned mismatch
c:\users\brian kao\gamedesign\final project\nyucodebase\main.cpp(376): warning C4018: '<': signed/unsigned mismatch
c:\users\brian kao\gamedesign\final project\nyucodebase\main.cpp(390): warning C4018: '<': signed/unsigned mismatch
c:\users\brian kao\gamedesign\final project\nyucodebase\main.cpp(403): warning C4018: '<': signed/unsigned mismatch
c:\users\brian kao\gamedesign\final project\nyucodebase\main.cpp(406): warning C4244: '=': conversion from 'double' to 'float', possible loss of data
c:\users\brian kao\gamedesign\final project\nyucodebase\main.cpp(460): warning C4018: '<': signed/unsigned mismatch
c:\users\brian kao\gamedesign\final project\nyucodebase\main.cpp(506): warning C4018: '<': signed/unsigned mismatch
c:\users\brian kao\gamedesign\final project\nyucodebase\main.cpp(512): warning C4244: '=': conversion from 'double' to 'float', possible loss of data
c:\users\brian kao\gamedesign\final project\nyucodebase\main.cpp(513): warning C4244: '=': conversion from 'double' to 'float', possible loss of data
c:\users\brian kao\gamedesign\final project\nyucodebase\main.cpp(525): warning C4018: '<': signed/unsigned mismatch
c:\users\brian kao\gamedesign\final project\nyucodebase\main.cpp(531): warning C4244: '=': conversion from 'double' to 'float', possible loss of data
c:\users\brian kao\gamedesign\final project\nyucodebase\main.cpp(532): warning C4244: '=': conversion from 'double' to 'float', possible loss of data
c:\users\brian kao\gamedesign\final project\nyucodebase\main.cpp(544): warning C4018: '<': signed/unsigned mismatch
c:\users\brian kao\gamedesign\final project\nyucodebase\main.cpp(550): warning C4244: '=': conversion from 'double' to 'float', possible loss of data
c:\users\brian kao\gamedesign\final project\nyucodebase\main.cpp(551): warning C4244: '=': conversion from 'double' to 'float', possible loss of data
c:\users\brian kao\gamedesign\final project\nyucodebase\main.cpp(564): warning C4018: '<': signed/unsigned mismatch
c:\users\brian kao\gamedesign\final project\nyucodebase\main.cpp(570): warning C4244: '=': conversion from 'double' to 'float', possible loss of data
c:\users\brian kao\gamedesign\final project\nyucodebase\main.cpp(571): warning C4244: '=': conversion from 'double' to 'float', possible loss of data
c:\users\brian kao\gamedesign\final project\nyucodebase\main.cpp(584): warning C4018: '<': signed/unsigned mismatch
c:\users\brian kao\gamedesign\final project\nyucodebase\main.cpp(590): warning C4244: '=': conversion from 'double' to 'float', possible loss of data
c:\users\brian kao\gamedesign\final project\nyucodebase\main.cpp(591): warning C4244: '=': conversion from 'double' to 'float', possible loss of data
c:\users\brian kao\gamedesign\final project\nyucodebase\main.cpp(606): warning C4018: '<': signed/unsigned mismatch
c:\users\brian kao\gamedesign\final project\nyucodebase\main.cpp(626): warning C4018: '<': signed/unsigned mismatch
c:\users\brian kao\gamedesign\final project\nyucodebase\main.cpp(646): warning C4018: '<': signed/unsigned mismatch
c:\users\brian kao\gamedesign\final project\nyucodebase\main.cpp(657): warning C4018: '<': signed/unsigned mismatch
c:\users\brian kao\gamedesign\final project\nyucodebase\main.cpp(663): warning C4018: '<': signed/unsigned mismatch
c:\users\brian kao\gamedesign\final project\nyucodebase\main.cpp(664): warning C4305: 'argument': truncation from 'double' to 'float'
c:\users\brian kao\gamedesign\final project\nyucodebase\main.cpp(675): warning C4305: '=': truncation from 'double' to 'float'
c:\users\brian kao\gamedesign\final project\nyucodebase\main.cpp(676): warning C4305: '=': truncation from 'double' to 'float'
c:\users\brian kao\gamedesign\final project\nyucodebase\main.cpp(682): warning C4018: '<': signed/unsigned mismatch
c:\users\brian kao\gamedesign\final project\nyucodebase\main.cpp(683): warning C4305: 'argument': truncation from 'double' to 'float'
c:\users\brian kao\gamedesign\final project\nyucodebase\main.cpp(694): warning C4305: '=': truncation from 'double' to 'float'
c:\users\brian kao\gamedesign\final project\nyucodebase\main.cpp(695): warning C4305: '=': truncation from 'double' to 'float'
c:\users\brian kao\gamedesign\final project\nyucodebase\main.cpp(701): warning C4018: '<': signed/unsigned mismatch
c:\users\brian kao\gamedesign\final project\nyucodebase\main.cpp(702): warning C4305: 'argument': truncation from 'double' to 'float'
c:\users\brian kao\gamedesign\final project\nyucodebase\main.cpp(715): warning C4305: '=': truncation from 'double' to 'float'
c:\users\brian kao\gamedesign\final project\nyucodebase\main.cpp(716): warning C4305: '=': truncation from 'double' to 'float'
c:\users\brian kao\gamedesign\final project\nyucodebase\main.cpp(723): warning C4018: '<': signed/unsigned mismatch
c:\users\brian kao\gamedesign\final project\nyucodebase\main.cpp(724): warning C4305: 'argument': truncation from 'double' to 'float'
c:\users\brian kao\gamedesign\final project\nyucodebase\main.cpp(736): warning C4305: '=': truncation from 'double' to 'float'
c:\users\brian kao\gamedesign\final project\nyucodebase\main.cpp(737): warning C4305: '=': truncation from 'double' to 'float'
c:\users\brian kao\gamedesign\final project\nyucodebase\main.cpp(743): warning C4018: '<': signed/unsigned mismatch
c:\users\brian kao\gamedesign\final project\nyucodebase\main.cpp(744): warning C4305: 'argument': truncation from 'double' to 'float'
c:\users\brian kao\gamedesign\final project\nyucodebase\main.cpp(757): warning C4305: '=': truncation from 'double' to 'float'
c:\users\brian kao\gamedesign\final project\nyucodebase\main.cpp(758): warning C4305: '=': truncation from 'double' to 'float'
c:\users\brian kao\gamedesign\final project\nyucodebase\main.cpp(767): warning C4018: '<': signed/unsigned mismatch
c:\users\brian kao\gamedesign\final project\nyucodebase\main.cpp(773): warning C4018: '<': signed/unsigned mismatch
c:\users\brian kao\gamedesign\final project\nyucodebase\main.cpp(778): warning C4018: '<': signed/unsigned mismatch
c:\users\brian kao\gamedesign\final project\nyucodebase\main.cpp(783): warning C4018: '<': signed/unsigned mismatch
c:\users\brian kao\gamedesign\final project\nyucodebase\main.cpp(788): warning C4018: '<': signed/unsigned mismatch
c:\users\brian kao\gamedesign\final project\nyucodebase\main.cpp(794): warning C4018: '<': signed/unsigned mismatch
c:\users\brian kao\gamedesign\final project\nyucodebase\main.cpp(800): warning C4018: '<': signed/unsigned mismatch
c:\users\brian kao\gamedesign\final project\nyucodebase\main.cpp(929): warning C4305: 'argument': truncation from 'double' to 'float'
c:\users\brian kao\gamedesign\final project\nyucodebase\main.cpp(930): warning C4305: 'argument': truncation from 'double' to 'float'
c:\users\brian kao\gamedesign\final project\nyucodebase\main.cpp(958): warning C4305: 'argument': truncation from 'double' to 'float'
c:\users\brian kao\gamedesign\final project\nyucodebase\main.cpp(980): warning C4305: 'argument': truncation from 'double' to 'float'
c:\users\brian kao\gamedesign\final project\nyucodebase\main.cpp(1024): warning C4244: 'argument': conversion from 'time_t' to 'unsigned int', possible loss of data
c:\users\brian kao\gamedesign\final project\nyucodebase\main.cpp(1060): warning C4244: '=': conversion from 'double' to 'float', possible loss of data
c:\users\brian kao\gamedesign\final project\nyucodebase\main.cpp(1064): warning C4244: '=': conversion from 'double' to 'float', possible loss of data
c:\users\brian kao\gamedesign\final project\nyucodebase\main.cpp(1067): warning C4244: '=': conversion from 'double' to 'float', possible loss of data
c:\users\brian kao\gamedesign\final project\nyucodebase\main.cpp(1071): warning C4244: '=': conversion from 'double' to 'float', possible loss of data
c:\users\brian kao\gamedesign\final project\nyucodebase\main.cpp(1096): warning C4305: 'argument': truncation from 'double' to 'float'
c:\users\brian kao\gamedesign\final project\nyucodebase\main.cpp(1101): warning C4305: 'argument': truncation from 'double' to 'float'
c:\users\brian kao\gamedesign\final project\nyucodebase\main.cpp(1130): warning C4018: '<': signed/unsigned mismatch
c:\users\brian kao\gamedesign\final project\nyucodebase\main.cpp(1136): warning C4838: conversion from 'double' to 'float' requires a narrowing conversion
c:\users\brian kao\gamedesign\final project\nyucodebase\main.cpp(1136): warning C4305: 'initializing': truncation from 'double' to 'float'
c:\users\brian kao\gamedesign\final project\nyucodebase\main.cpp(1244): warning C4018: '<': signed/unsigned mismatch
c:\users\brian kao\gamedesign\final project\nyucodebase\main.cpp(1255): warning C4018: '<': signed/unsigned mismatch
c:\users\brian kao\gamedesign\final project\nyucodebase\main.cpp(1272): warning C4018: '<': signed/unsigned mismatch
c:\users\brian kao\gamedesign\final project\nyucodebase\main.cpp(1284): warning C4018: '<': signed/unsigned mismatch
c:\users\brian kao\gamedesign\final project\nyucodebase\main.cpp(1295): warning C4018: '<': signed/unsigned mismatch
c:\users\brian kao\gamedesign\final project\nyucodebase\main.cpp(1305): warning C4018: '<': signed/unsigned mismatch
c:\users\brian kao\gamedesign\final project\nyucodebase\main.cpp(1315): warning C4018: '<': signed/unsigned mismatch
c:\users\brian kao\gamedesign\final project\nyucodebase\main.cpp(1324): warning C4018: '<': signed/unsigned mismatch
c:\users\brian kao\gamedesign\final project\nyucodebase\main.cpp(1349): warning C4305: 'argument': truncation from 'double' to 'float'
  NYUCodebase.vcxproj -> C:\Users\Brian Kao\gamedesign\final project\Debug\NYUCodebase.exe
